{"contracts/MoneyBox.sol":{"l":{},"path":"/home/matteo/GitHubRepositories/swe-repos/smart-contract/contracts/MoneyBox.sol","s":{},"b":{},"f":{},"fnMap":{},"statementMap":{},"branchMap":{}},"contracts/SinglePayment.sol":{"l":{"40":7,"44":4,"48":0,"52":0,"56":4,"60":2,"64":0,"65":0,"69":4,"73":4,"77":8,"81":4,"140":4,"144":2,"148":2,"149":2,"151":2,"161":1,"162":1,"167":1,"168":1,"171":1,"172":1,"182":1,"183":1,"187":1,"190":1,"191":1,"199":3,"203":0,"207":0,"211":0,"215":0,"219":0,"223":1,"227":3},"path":"/home/matteo/GitHubRepositories/swe-repos/smart-contract/contracts/SinglePayment.sol","s":{"1":7,"2":0,"3":4,"4":0,"5":4,"6":8,"7":4,"8":2,"9":2,"10":2,"11":1,"12":1,"13":1,"14":1,"15":1,"16":1,"17":1,"18":1,"19":1,"20":1,"21":1,"22":3,"23":0,"24":0,"25":0,"26":0,"27":0,"28":1,"29":3},"b":{"1":[4,3],"2":[0,0],"3":[2,2],"4":[0,0],"5":[4,0],"6":[4,4],"7":[2,2],"8":[2,0],"9":[1,0]},"f":{"1":7,"2":0,"3":4,"4":0,"5":4,"6":8,"7":4,"8":1,"9":1,"10":3,"11":0,"12":0,"13":0,"14":0,"15":0,"16":1,"17":3},"fnMap":{"1":{"name":"onlyOwner","line":39,"loc":{"start":{"line":39,"column":4},"end":{"line":45,"column":4}}},"2":{"name":"onlySeller","line":47,"loc":{"start":{"line":47,"column":4},"end":{"line":53,"column":4}}},"3":{"name":"inState","line":55,"loc":{"start":{"line":55,"column":4},"end":{"line":61,"column":4}}},"4":{"name":"condition","line":63,"loc":{"start":{"line":63,"column":4},"end":{"line":66,"column":4}}},"5":{"name":"enoughFunds","line":68,"loc":{"start":{"line":68,"column":4},"end":{"line":74,"column":4}}},"6":{"name":"notItself","line":76,"loc":{"start":{"line":76,"column":4},"end":{"line":82,"column":4}}},"7":{"name":"newOrder","line":138,"loc":{"start":{"line":134,"column":4},"end":{"line":152,"column":4}}},"8":{"name":"confirmReceived","line":159,"loc":{"start":{"line":156,"column":4},"end":{"line":173,"column":4}}},"9":{"name":"refundOwner","line":180,"loc":{"start":{"line":177,"column":4},"end":{"line":192,"column":4}}},"10":{"name":"getOrderCount","line":198,"loc":{"start":{"line":198,"column":4},"end":{"line":200,"column":4}}},"11":{"name":"contractBalance","line":202,"loc":{"start":{"line":202,"column":4},"end":{"line":204,"column":4}}},"12":{"name":"getOwnerAddress","line":206,"loc":{"start":{"line":206,"column":4},"end":{"line":208,"column":4}}},"13":{"name":"getSellerAddress","line":210,"loc":{"start":{"line":210,"column":4},"end":{"line":212,"column":4}}},"14":{"name":"getAmountToPay","line":214,"loc":{"start":{"line":214,"column":4},"end":{"line":216,"column":4}}},"15":{"name":"getOrderState","line":218,"loc":{"start":{"line":218,"column":4},"end":{"line":220,"column":4}}},"16":{"name":"getUnlockCode","line":222,"loc":{"start":{"line":222,"column":4},"end":{"line":224,"column":4}}},"17":{"name":"getOrderById","line":226,"loc":{"start":{"line":226,"column":4},"end":{"line":228,"column":4}}}},"statementMap":{"1":{"start":{"line":40,"column":8},"end":{"line":40,"column":1128}},"2":{"start":{"line":48,"column":8},"end":{"line":48,"column":1313}},"3":{"start":{"line":56,"column":8},"end":{"line":56,"column":1516}},"4":{"start":{"line":64,"column":8},"end":{"line":64,"column":48}},"5":{"start":{"line":69,"column":8},"end":{"line":69,"column":1822}},"6":{"start":{"line":77,"column":8},"end":{"line":77,"column":1999}},"7":{"start":{"line":140,"column":8},"end":{"line":140,"column":3549}},"8":{"start":{"line":144,"column":8},"end":{"line":144,"column":3649}},"9":{"start":{"line":149,"column":8},"end":{"line":149,"column":117}},"10":{"start":{"line":151,"column":8},"end":{"line":151,"column":111}},"11":{"start":{"line":161,"column":8},"end":{"line":161,"column":46}},"12":{"start":{"line":162,"column":8},"end":{"line":162,"column":4325}},"13":{"start":{"line":167,"column":8},"end":{"line":167,"column":63}},"14":{"start":{"line":168,"column":8},"end":{"line":168,"column":45}},"15":{"start":{"line":171,"column":8},"end":{"line":171,"column":32}},"16":{"start":{"line":172,"column":8},"end":{"line":172,"column":29}},"17":{"start":{"line":182,"column":8},"end":{"line":182,"column":46}},"18":{"start":{"line":183,"column":8},"end":{"line":183,"column":62}},"19":{"start":{"line":187,"column":8},"end":{"line":187,"column":47}},"20":{"start":{"line":190,"column":8},"end":{"line":190,"column":32}},"21":{"start":{"line":191,"column":8},"end":{"line":191,"column":30}},"22":{"start":{"line":199,"column":8},"end":{"line":199,"column":25}},"23":{"start":{"line":203,"column":8},"end":{"line":203,"column":36}},"24":{"start":{"line":207,"column":8},"end":{"line":207,"column":38}},"25":{"start":{"line":211,"column":8},"end":{"line":211,"column":39}},"26":{"start":{"line":215,"column":8},"end":{"line":215,"column":32}},"27":{"start":{"line":219,"column":8},"end":{"line":219,"column":31}},"28":{"start":{"line":223,"column":8},"end":{"line":223,"column":36}},"29":{"start":{"line":227,"column":8},"end":{"line":227,"column":25}}},"branchMap":{"1":{"line":40,"type":"if","locations":[{"start":{"line":40,"column":8},"end":{"line":40,"column":8}},{"start":{"line":40,"column":8},"end":{"line":40,"column":8}}]},"2":{"line":48,"type":"if","locations":[{"start":{"line":48,"column":8},"end":{"line":48,"column":8}},{"start":{"line":48,"column":8},"end":{"line":48,"column":8}}]},"3":{"line":56,"type":"if","locations":[{"start":{"line":56,"column":8},"end":{"line":56,"column":8}},{"start":{"line":56,"column":8},"end":{"line":56,"column":8}}]},"4":{"line":64,"type":"if","locations":[{"start":{"line":64,"column":8},"end":{"line":64,"column":8}},{"start":{"line":64,"column":8},"end":{"line":64,"column":8}}]},"5":{"line":69,"type":"if","locations":[{"start":{"line":69,"column":8},"end":{"line":69,"column":8}},{"start":{"line":69,"column":8},"end":{"line":69,"column":8}}]},"6":{"line":77,"type":"if","locations":[{"start":{"line":77,"column":8},"end":{"line":77,"column":8}},{"start":{"line":77,"column":8},"end":{"line":77,"column":8}}]},"7":{"line":140,"type":"if","locations":[{"start":{"line":140,"column":8},"end":{"line":140,"column":8}},{"start":{"line":140,"column":8},"end":{"line":140,"column":8}}]},"8":{"line":144,"type":"if","locations":[{"start":{"line":144,"column":8},"end":{"line":144,"column":8}},{"start":{"line":144,"column":8},"end":{"line":144,"column":8}}]},"9":{"line":162,"type":"if","locations":[{"start":{"line":162,"column":8},"end":{"line":162,"column":8}},{"start":{"line":162,"column":8},"end":{"line":162,"column":8}}]}}},"contracts/vecchio.sol":{"l":{"25":0,"26":0,"27":0,"31":0,"32":0,"33":0,"37":0,"38":0,"39":0,"43":0,"44":0,"60":0,"61":0,"62":0,"63":0,"74":0,"75":0,"80":0,"94":0,"95":0,"96":0,"107":0,"108":0,"112":0,"122":0,"123":0,"127":0,"145":0,"149":0,"153":0,"157":0,"161":0,"165":0},"path":"/home/matteo/GitHubRepositories/swe-repos/smart-contract/contracts/vecchio.sol","s":{"1":0,"2":0,"3":0,"4":0,"5":0,"6":0,"7":0,"8":0,"9":0,"10":0,"11":0,"12":0,"13":0,"14":0,"15":0,"16":0,"17":0,"18":0,"19":0,"20":0,"21":0,"22":0,"23":0,"24":0,"25":0,"26":0},"b":{"1":[0,0],"2":[0,0],"3":[0,0],"4":[0,0]},"f":{"1":0,"2":0,"3":0,"4":0,"5":0,"6":0,"7":0,"8":0,"9":0,"10":0,"11":0,"12":0,"13":0,"14":0,"15":0},"fnMap":{"1":{"name":"onlyOwner","line":24,"loc":{"start":{"line":24,"column":4},"end":{"line":28,"column":4}}},"2":{"name":"onlySeller","line":30,"loc":{"start":{"line":30,"column":4},"end":{"line":34,"column":4}}},"3":{"name":"inState","line":36,"loc":{"start":{"line":36,"column":4},"end":{"line":40,"column":4}}},"4":{"name":"condition","line":42,"loc":{"start":{"line":42,"column":4},"end":{"line":45,"column":4}}},"5":{"name":"constructor","line":59,"loc":{"start":{"line":59,"column":4},"end":{"line":64,"column":4}}},"6":{"name":"abort","line":72,"loc":{"start":{"line":69,"column":4},"end":{"line":81,"column":4}}},"7":{"name":"confirmPurchase","line":90,"loc":{"start":{"line":87,"column":4},"end":{"line":97,"column":4}}},"8":{"name":"confirmReceived","line":105,"loc":{"start":{"line":101,"column":4},"end":{"line":113,"column":4}}},"9":{"name":"refundOwner","line":120,"loc":{"start":{"line":117,"column":4},"end":{"line":128,"column":4}}},"10":{"name":"balanceOf","line":144,"loc":{"start":{"line":144,"column":4},"end":{"line":146,"column":4}}},"11":{"name":"getOwnerAddress","line":148,"loc":{"start":{"line":148,"column":4},"end":{"line":150,"column":4}}},"12":{"name":"getSellerAddress","line":152,"loc":{"start":{"line":152,"column":4},"end":{"line":154,"column":4}}},"13":{"name":"getAmountToPay","line":156,"loc":{"start":{"line":156,"column":4},"end":{"line":158,"column":4}}},"14":{"name":"getContractState","line":160,"loc":{"start":{"line":160,"column":4},"end":{"line":162,"column":4}}},"15":{"name":"getUnlockCode","line":164,"loc":{"start":{"line":164,"column":4},"end":{"line":166,"column":4}}}},"statementMap":{"1":{"start":{"line":25,"column":8},"end":{"line":25,"column":696}},"2":{"start":{"line":31,"column":8},"end":{"line":31,"column":823}},"3":{"start":{"line":37,"column":8},"end":{"line":37,"column":962}},"4":{"start":{"line":43,"column":8},"end":{"line":43,"column":26}},"5":{"start":{"line":60,"column":8},"end":{"line":60,"column":49}},"6":{"start":{"line":61,"column":8},"end":{"line":61,"column":37}},"7":{"start":{"line":62,"column":8},"end":{"line":62,"column":23}},"8":{"start":{"line":63,"column":8},"end":{"line":63,"column":36}},"9":{"start":{"line":74,"column":8},"end":{"line":74,"column":22}},"10":{"start":{"line":75,"column":8},"end":{"line":75,"column":37}},"11":{"start":{"line":80,"column":8},"end":{"line":80,"column":59}},"12":{"start":{"line":94,"column":8},"end":{"line":94,"column":32}},"13":{"start":{"line":95,"column":8},"end":{"line":95,"column":32}},"14":{"start":{"line":96,"column":8},"end":{"line":96,"column":35}},"15":{"start":{"line":107,"column":8},"end":{"line":107,"column":37}},"16":{"start":{"line":108,"column":8},"end":{"line":108,"column":27}},"17":{"start":{"line":112,"column":8},"end":{"line":112,"column":35}},"18":{"start":{"line":122,"column":8},"end":{"line":122,"column":44}},"19":{"start":{"line":123,"column":8},"end":{"line":123,"column":28}},"20":{"start":{"line":127,"column":8},"end":{"line":127,"column":37}},"21":{"start":{"line":145,"column":8},"end":{"line":145,"column":36}},"22":{"start":{"line":149,"column":8},"end":{"line":149,"column":35}},"23":{"start":{"line":153,"column":8},"end":{"line":153,"column":28}},"24":{"start":{"line":157,"column":8},"end":{"line":157,"column":21}},"25":{"start":{"line":161,"column":8},"end":{"line":161,"column":20}},"26":{"start":{"line":165,"column":8},"end":{"line":165,"column":25}}},"branchMap":{"1":{"line":25,"type":"if","locations":[{"start":{"line":25,"column":8},"end":{"line":25,"column":8}},{"start":{"line":25,"column":8},"end":{"line":25,"column":8}}]},"2":{"line":31,"type":"if","locations":[{"start":{"line":31,"column":8},"end":{"line":31,"column":8}},{"start":{"line":31,"column":8},"end":{"line":31,"column":8}}]},"3":{"line":37,"type":"if","locations":[{"start":{"line":37,"column":8},"end":{"line":37,"column":8}},{"start":{"line":37,"column":8},"end":{"line":37,"column":8}}]},"4":{"line":43,"type":"if","locations":[{"start":{"line":43,"column":8},"end":{"line":43,"column":8}},{"start":{"line":43,"column":8},"end":{"line":43,"column":8}}]}}}}